2024-11-27 13:10:47.864 [info] [main] Log level: Info
2024-11-27 13:10:47.864 [info] [main] Validating found git in: "git"
2024-11-27 13:10:47.864 [info] [main] Using git "2.39.5" from "git"
2024-11-27 13:10:47.864 [info] [Model][doInitialScan] Initial repository scan started
2024-11-27 13:10:47.864 [info] > git rev-parse --show-toplevel [9ms]
2024-11-27 13:10:47.864 [info] > git rev-parse --git-dir --git-common-dir [3ms]
2024-11-27 13:10:47.864 [info] [Model][openRepository] Opened repository: /home/retinamata
2024-11-27 13:10:47.864 [info] > git config --get commit.template [14ms]
2024-11-27 13:10:47.864 [info] > git rev-parse --show-toplevel [3ms]
2024-11-27 13:10:47.864 [info] > git for-each-ref --format=%(refname)%00%(upstream:short)%00%(objectname)%00%(upstream:track)%00%(upstream:remotename)%00%(upstream:remoteref) refs/heads/cc-progress refs/remotes/cc-progress [7ms]
2024-11-27 13:10:47.864 [info] > git rev-parse --show-toplevel [18ms]
2024-11-27 13:10:47.864 [info] > git for-each-ref --sort -committerdate --format %(refname) %(objectname) %(*objectname) [8ms]
2024-11-27 13:10:47.864 [info] > git rev-parse --show-toplevel [13ms]
2024-11-27 13:10:47.864 [info] > git rev-parse --show-toplevel [6ms]
2024-11-27 13:10:47.864 [info] > git rev-parse --show-toplevel [2ms]
2024-11-27 13:10:47.864 [info] > git status -z -uall [107ms]
2024-11-27 13:10:47.864 [info] > git rev-parse --show-toplevel [21ms]
2024-11-27 13:10:47.864 [info] > git rev-parse --show-toplevel [8ms]
2024-11-27 13:10:47.864 [info] [Model][doInitialScan] Initial repository scan completed - repositories (1), closed repositories (0), parent repositories (0), unsafe repositories (0)
2024-11-27 13:10:47.864 [info] > git for-each-ref --format=%(refname)%00%(upstream:short)%00%(objectname)%00%(upstream:track)%00%(upstream:remotename)%00%(upstream:remoteref) refs/heads/cc-progress refs/remotes/cc-progress [19ms]
2024-11-27 13:10:47.864 [info] > git config --get commit.template [11ms]
2024-11-27 13:10:47.864 [info] > git config --local branch.cc-progress.vscode-merge-base [11ms]
2024-11-27 13:10:47.864 [warning] [Git][config] git config failed: Failed to execute git
2024-11-27 13:10:47.864 [info] > git for-each-ref --format=%(refname)%00%(upstream:short)%00%(objectname)%00%(upstream:track)%00%(upstream:remotename)%00%(upstream:remoteref) refs/heads/cc-progress refs/remotes/cc-progress [10ms]
2024-11-27 13:10:47.864 [info] > git reflog cc-progress --grep-reflog=branch: Created from *. [18ms]
2024-11-27 13:10:47.864 [info] > git for-each-ref --sort -committerdate --format %(refname) %(objectname) %(*objectname) [8ms]
2024-11-27 13:10:47.864 [info] > git symbolic-ref --short refs/remotes/origin/HEAD [11ms]
2024-11-27 13:10:47.864 [info] fatal: ref refs/remotes/origin/HEAD is not a symbolic ref
2024-11-27 13:10:47.864 [warning] [Repository][getDefaultBranch] Failed to get default branch details: Failed to execute git.
2024-11-27 13:10:47.864 [info] > git status -z -uall [120ms]
2024-11-27 13:10:48.579 [info] > git check-ignore -v -z --stdin [6ms]
2024-11-27 13:10:48.845 [info] > git show --textconv :hapi/coba.js [79ms]
2024-11-27 13:10:48.846 [info] > git ls-files --stage -- /home/retinamata/hapi/coba.js [67ms]
2024-11-27 13:10:51.789 [info] > git check-ignore -v -z --stdin [12ms]
2024-11-27 13:10:52.998 [info] > git config --get commit.template [20ms]
2024-11-27 13:10:53.003 [info] > git for-each-ref --format=%(refname)%00%(upstream:short)%00%(objectname)%00%(upstream:track)%00%(upstream:remotename)%00%(upstream:remoteref) refs/heads/cc-progress refs/remotes/cc-progress [7ms]
2024-11-27 13:10:53.066 [info] > git for-each-ref --sort -committerdate --format %(refname) %(objectname) %(*objectname) [14ms]
2024-11-27 13:10:53.067 [info] > git status -z -uall [51ms]
2024-11-27 13:10:53.772 [info] > git log --format=%H%n%aN%n%aE%n%at%n%ct%n%P%n%D%n%B -z --shortstat --diff-merges=first-parent -n50 --skip=0 --topo-order --decorate=full --stdin [2572ms]
2024-11-27 13:10:54.680 [info] > git check-ignore -v -z --stdin [5ms]
2024-11-27 13:10:55.621 [info] > git log --format=%H%n%aN%n%aE%n%at%n%ct%n%P%n%D%n%B -z --shortstat --diff-merges=first-parent -n50 --skip=0 --topo-order --decorate=full --stdin [1452ms]
2024-11-27 13:10:58.082 [info] > git config --get commit.template [5ms]
2024-11-27 13:10:58.084 [info] > git for-each-ref --format=%(refname)%00%(upstream:short)%00%(objectname)%00%(upstream:track)%00%(upstream:remotename)%00%(upstream:remoteref) refs/heads/cc-progress refs/remotes/cc-progress [4ms]
2024-11-27 13:10:58.095 [info] > git for-each-ref --sort -committerdate --format %(refname) %(objectname) %(*objectname) [4ms]
2024-11-27 13:10:58.122 [info] > git status -z -uall [35ms]
2024-11-27 13:10:59.670 [info] > git hash-object -t tree /dev/null [2ms]
2024-11-27 13:10:59.677 [info] > git diff-tree -r --name-status -z --diff-filter=ADMR 4b825dc642cb6eb9a060e54bf8d69288fbee4904 fff6c40b6c6489793122b764a14844b3e0132240 [3ms]
2024-11-27 13:10:59.764 [info] > git show --textconv 4b825dc642cb6eb9a060e54bf8d69288fbee4904:README.md [22ms]
2024-11-27 13:10:59.764 [info] > git show --textconv fff6c40b6c6489793122b764a14844b3e0132240:README.md [18ms]
2024-11-27 13:10:59.765 [info] > git ls-tree -l 4b825dc642cb6eb9a060e54bf8d69288fbee4904 -- /home/retinamata/README.md [14ms]
2024-11-27 13:10:59.767 [info] > git ls-tree -l fff6c40b6c6489793122b764a14844b3e0132240 -- /home/retinamata/README.md [14ms]
2024-11-27 13:11:00.289 [info] > git check-ignore -v -z --stdin [17ms]
2024-11-27 13:11:01.877 [info] > git diff-tree -r --name-status -z --diff-filter=ADMR 656cbce876de6554483b8f918bf798c5c5790e4c b6be808cc5d7320dcc4d578645b3e9edaf7f1aef [3ms]
2024-11-27 13:11:01.944 [info] > git show --textconv 656cbce876de6554483b8f918bf798c5c5790e4c:README.md [13ms]
2024-11-27 13:11:01.944 [info] > git show --textconv b6be808cc5d7320dcc4d578645b3e9edaf7f1aef:README.md [9ms]
2024-11-27 13:11:01.944 [info] > git ls-tree -l 656cbce876de6554483b8f918bf798c5c5790e4c -- /home/retinamata/README.md [6ms]
2024-11-27 13:11:01.945 [info] > git ls-tree -l b6be808cc5d7320dcc4d578645b3e9edaf7f1aef -- /home/retinamata/README.md [4ms]
2024-11-27 13:11:02.451 [info] > git check-ignore -v -z --stdin [3ms]
2024-11-27 13:11:03.135 [info] > git config --get commit.template [5ms]
2024-11-27 13:11:03.136 [info] > git for-each-ref --format=%(refname)%00%(upstream:short)%00%(objectname)%00%(upstream:track)%00%(upstream:remotename)%00%(upstream:remoteref) refs/heads/cc-progress refs/remotes/cc-progress [2ms]
2024-11-27 13:11:03.153 [info] > git for-each-ref --sort -committerdate --format %(refname) %(objectname) %(*objectname) [5ms]
2024-11-27 13:11:03.175 [info] > git status -z -uall [34ms]
2024-11-27 13:11:06.069 [info] > git show --textconv :hapi/coba.js [7ms]
2024-11-27 13:11:06.073 [info] > git ls-files --stage -- /home/retinamata/hapi/coba.js [5ms]
2024-11-27 13:11:08.187 [info] > git config --get commit.template [5ms]
2024-11-27 13:11:08.188 [info] > git for-each-ref --format=%(refname)%00%(upstream:short)%00%(objectname)%00%(upstream:track)%00%(upstream:remotename)%00%(upstream:remoteref) refs/heads/cc-progress refs/remotes/cc-progress [2ms]
2024-11-27 13:11:08.202 [info] > git for-each-ref --sort -committerdate --format %(refname) %(objectname) %(*objectname) [7ms]
2024-11-27 13:11:08.225 [info] > git status -z -uall [34ms]
2024-11-27 13:11:13.239 [info] > git config --get commit.template [5ms]
2024-11-27 13:11:13.240 [info] > git for-each-ref --format=%(refname)%00%(upstream:short)%00%(objectname)%00%(upstream:track)%00%(upstream:remotename)%00%(upstream:remoteref) refs/heads/cc-progress refs/remotes/cc-progress [3ms]
2024-11-27 13:11:13.255 [info] > git for-each-ref --sort -committerdate --format %(refname) %(objectname) %(*objectname) [7ms]
2024-11-27 13:11:13.277 [info] > git status -z -uall [34ms]
2024-11-27 13:11:18.294 [info] > git config --get commit.template [6ms]
2024-11-27 13:11:18.297 [info] > git for-each-ref --format=%(refname)%00%(upstream:short)%00%(objectname)%00%(upstream:track)%00%(upstream:remotename)%00%(upstream:remoteref) refs/heads/cc-progress refs/remotes/cc-progress [4ms]
2024-11-27 13:11:18.317 [info] > git for-each-ref --sort -committerdate --format %(refname) %(objectname) %(*objectname) [10ms]
2024-11-27 13:11:18.348 [info] > git status -z -uall [48ms]
2024-11-27 13:11:19.010 [info] > git log --format=%H%n%aN%n%aE%n%at%n%ct%n%P%n%D%n%B -z --shortstat --diff-merges=first-parent -n50 --skip=0 --topo-order --decorate=full --stdin [1479ms]
2024-11-27 13:11:23.360 [info] > git config --get commit.template [3ms]
2024-11-27 13:11:23.365 [info] > git for-each-ref --format=%(refname)%00%(upstream:short)%00%(objectname)%00%(upstream:track)%00%(upstream:remotename)%00%(upstream:remoteref) refs/heads/cc-progress refs/remotes/cc-progress [1ms]
2024-11-27 13:11:23.381 [info] > git for-each-ref --sort -committerdate --format %(refname) %(objectname) %(*objectname) [3ms]
2024-11-27 13:11:23.402 [info] > git status -z -uall [32ms]
