0 verbose cli /usr/bin/node /usr/bin/npm
1 info using npm@9.2.0
2 info using node@v18.19.0
3 timing npm:load:whichnode Completed in 0ms
4 timing config:load:defaults Completed in 3ms
5 timing config:load:file:/usr/share/nodejs/npm/npmrc Completed in 3ms
6 timing config:load:builtin Completed in 3ms
7 timing config:load:cli Completed in 2ms
8 timing config:load:env Completed in 1ms
9 timing config:load:file:/home/retinamata/hapi/.npmrc Completed in 0ms
10 timing config:load:project Completed in 2ms
11 timing config:load:file:/home/retinamata/.npmrc Completed in 0ms
12 timing config:load:user Completed in 0ms
13 timing config:load:file:/etc/npmrc Completed in 0ms
14 timing config:load:global Completed in 0ms
15 timing config:load:setEnvs Completed in 1ms
16 timing config:load Completed in 13ms
17 timing npm:load:configload Completed in 13ms
18 timing npm:load:mkdirpcache Completed in 0ms
19 timing npm:load:mkdirplogs Completed in 1ms
20 verbose title npm i @hapi/hapi
21 verbose argv "i" "@hapi/hapi"
22 timing npm:load:setTitle Completed in 1ms
23 timing config:load:flatten Completed in 4ms
24 timing npm:load:display Completed in 5ms
25 verbose logfile logs-max:10 dir:/home/retinamata/.npm/_logs/2024-11-24T11_30_52_949Z-
26 verbose logfile /home/retinamata/.npm/_logs/2024-11-24T11_30_52_949Z-debug-0.log
27 timing npm:load:logFile Completed in 9ms
28 timing npm:load:timers Completed in 1ms
29 timing npm:load:configScope Completed in 0ms
30 timing npm:load Completed in 30ms
31 silly logfile done cleaning log files
32 timing config:load:flatten Completed in 0ms
33 timing arborist:ctor Completed in 1ms
34 timing arborist:ctor Completed in 0ms
35 timing idealTree:init Completed in 18ms
36 timing idealTree:userRequests Completed in 5ms
37 silly idealTree buildDeps
38 silly fetch manifest @hapi/hapi@*
39 http fetch GET 200 https://registry.npmjs.org/@hapi%2fhapi 1633ms (cache miss)
40 silly placeDep ROOT @hapi/hapi@21.3.12 OK for: hapi@1.0.0 want: *
41 silly fetch manifest @hapi/accept@^6.0.3
42 silly fetch manifest @hapi/ammo@^6.0.1
43 silly fetch manifest @hapi/boom@^10.0.1
44 silly fetch manifest @hapi/bounce@^3.0.2
45 silly fetch manifest @hapi/call@^9.0.1
46 silly fetch manifest @hapi/catbox@^12.1.1
47 silly fetch manifest @hapi/catbox-memory@^6.0.2
48 silly fetch manifest @hapi/heavy@^8.0.1
49 silly fetch manifest @hapi/hoek@^11.0.6
50 silly fetch manifest @hapi/mimos@^7.0.1
51 silly fetch manifest @hapi/podium@^5.0.1
52 silly fetch manifest @hapi/shot@^6.0.1
53 silly fetch manifest @hapi/somever@^4.1.1
54 silly fetch manifest @hapi/statehood@^8.1.1
55 silly fetch manifest @hapi/subtext@^8.1.0
56 silly fetch manifest @hapi/teamwork@^6.0.0
57 silly fetch manifest @hapi/topo@^6.0.2
58 silly fetch manifest @hapi/validate@^2.0.1
59 http fetch GET 200 https://registry.npmjs.org/@hapi%2fboom 149ms (cache miss)
60 http fetch GET 200 https://registry.npmjs.org/@hapi%2fhoek 147ms (cache miss)
61 http fetch GET 200 https://registry.npmjs.org/@hapi%2ftopo 366ms (cache miss)
62 http fetch GET 200 https://registry.npmjs.org/@hapi%2fammo 1559ms (cache miss)
63 http fetch GET 200 https://registry.npmjs.org/@hapi%2fbounce 1583ms (cache miss)
64 http fetch GET 200 https://registry.npmjs.org/@hapi%2fstatehood 1576ms (cache miss)
65 http fetch GET 200 https://registry.npmjs.org/@hapi%2fshot 1595ms (cache miss)
66 http fetch GET 200 https://registry.npmjs.org/@hapi%2fcatbox-memory 1632ms (cache miss)
67 http fetch GET 200 https://registry.npmjs.org/@hapi%2fcall 1636ms (cache miss)
68 http fetch GET 200 https://registry.npmjs.org/@hapi%2fmimos 1645ms (cache miss)
69 http fetch GET 200 https://registry.npmjs.org/@hapi%2fcatbox 1651ms (cache miss)
70 http fetch GET 200 https://registry.npmjs.org/@hapi%2faccept 1657ms (cache miss)
71 http fetch GET 200 https://registry.npmjs.org/@hapi%2fpodium 1654ms (cache miss)
72 http fetch GET 200 https://registry.npmjs.org/@hapi%2fsomever 1653ms (cache miss)
73 http fetch GET 200 https://registry.npmjs.org/@hapi%2fteamwork 1654ms (cache miss)
74 http fetch GET 200 https://registry.npmjs.org/@hapi%2fheavy 1673ms (cache miss)
75 http fetch GET 200 https://registry.npmjs.org/@hapi%2fvalidate 1936ms (cache miss)
76 http fetch GET 200 https://registry.npmjs.org/@hapi%2fsubtext 1963ms (cache miss)
77 timing idealTree:#root Completed in 3627ms
78 silly placeDep ROOT @hapi/accept@6.0.3 OK for: @hapi/hapi@21.3.12 want: ^6.0.3
79 silly placeDep ROOT @hapi/ammo@6.0.1 OK for: @hapi/hapi@21.3.12 want: ^6.0.1
80 silly placeDep ROOT @hapi/boom@10.0.1 OK for: @hapi/hapi@21.3.12 want: ^10.0.1
81 silly placeDep ROOT @hapi/bounce@3.0.2 OK for: @hapi/hapi@21.3.12 want: ^3.0.2
82 silly placeDep ROOT @hapi/call@9.0.1 OK for: @hapi/hapi@21.3.12 want: ^9.0.1
83 silly placeDep ROOT @hapi/catbox@12.1.1 OK for: @hapi/hapi@21.3.12 want: ^12.1.1
84 silly placeDep ROOT @hapi/catbox-memory@6.0.2 OK for: @hapi/hapi@21.3.12 want: ^6.0.2
85 silly placeDep ROOT @hapi/heavy@8.0.1 OK for: @hapi/hapi@21.3.12 want: ^8.0.1
86 silly placeDep ROOT @hapi/hoek@11.0.7 OK for: @hapi/hapi@21.3.12 want: ^11.0.6
87 silly placeDep ROOT @hapi/mimos@7.0.1 OK for: @hapi/hapi@21.3.12 want: ^7.0.1
88 silly placeDep ROOT @hapi/podium@5.0.1 OK for: @hapi/hapi@21.3.12 want: ^5.0.1
89 silly placeDep ROOT @hapi/shot@6.0.1 OK for: @hapi/hapi@21.3.12 want: ^6.0.1
90 silly placeDep ROOT @hapi/somever@4.1.1 OK for: @hapi/hapi@21.3.12 want: ^4.1.1
91 silly placeDep ROOT @hapi/statehood@8.1.1 OK for: @hapi/hapi@21.3.12 want: ^8.1.1
92 silly placeDep ROOT @hapi/subtext@8.1.0 OK for: @hapi/hapi@21.3.12 want: ^8.1.0
93 silly placeDep ROOT @hapi/teamwork@6.0.0 OK for: @hapi/hapi@21.3.12 want: ^6.0.0
94 silly placeDep ROOT @hapi/topo@6.0.2 OK for: @hapi/hapi@21.3.12 want: ^6.0.2
95 silly placeDep ROOT @hapi/validate@2.0.1 OK for: @hapi/hapi@21.3.12 want: ^2.0.1
96 silly fetch manifest mime-db@^1.52.0
97 silly fetch manifest @hapi/bourne@^3.0.0
98 silly fetch manifest @hapi/cryptiles@^6.0.1
99 silly fetch manifest @hapi/iron@^7.0.1
100 silly fetch manifest @hapi/content@^6.0.0
101 silly fetch manifest @hapi/file@^3.0.0
102 silly fetch manifest @hapi/pez@^6.1.0
103 silly fetch manifest @hapi/wreck@^18.0.1
104 http fetch GET 200 https://registry.npmjs.org/mime-db 58ms (cache miss)
105 http fetch GET 200 https://registry.npmjs.org/@hapi%2fbourne 251ms (cache miss)
106 http fetch GET 200 https://registry.npmjs.org/@hapi%2ffile 1546ms (cache miss)
107 http fetch GET 200 https://registry.npmjs.org/@hapi%2fcontent 1549ms (cache miss)
108 http fetch GET 200 https://registry.npmjs.org/@hapi%2fcryptiles 1554ms (cache miss)
109 http fetch GET 200 https://registry.npmjs.org/@hapi%2fpez 1547ms (cache miss)
110 http fetch GET 200 https://registry.npmjs.org/@hapi%2fwreck 1546ms (cache miss)
111 http fetch GET 200 https://registry.npmjs.org/@hapi%2firon 1587ms (cache miss)
112 timing idealTree:node_modules/@hapi/hapi Completed in 1660ms
113 timing idealTree:node_modules/@hapi/accept Completed in 0ms
114 timing idealTree:node_modules/@hapi/ammo Completed in 0ms
115 timing idealTree:node_modules/@hapi/boom Completed in 0ms
116 timing idealTree:node_modules/@hapi/bounce Completed in 0ms
117 timing idealTree:node_modules/@hapi/call Completed in 1ms
118 timing idealTree:node_modules/@hapi/catbox Completed in 0ms
119 timing idealTree:node_modules/@hapi/catbox-memory Completed in 0ms
120 timing idealTree:node_modules/@hapi/heavy Completed in 0ms
121 timing idealTree:node_modules/@hapi/hoek Completed in 0ms
122 silly placeDep ROOT mime-db@1.53.0 OK for: @hapi/mimos@7.0.1 want: ^1.52.0
123 timing idealTree:node_modules/@hapi/mimos Completed in 3ms
124 timing idealTree:node_modules/@hapi/podium Completed in 0ms
125 timing idealTree:node_modules/@hapi/shot Completed in 0ms
126 timing idealTree:node_modules/@hapi/somever Completed in 0ms
127 silly placeDep ROOT @hapi/bourne@3.0.0 OK for: @hapi/statehood@8.1.1 want: ^3.0.0
128 silly placeDep ROOT @hapi/cryptiles@6.0.1 OK for: @hapi/statehood@8.1.1 want: ^6.0.1
129 silly placeDep ROOT @hapi/iron@7.0.1 OK for: @hapi/statehood@8.1.1 want: ^7.0.1
130 silly fetch manifest @hapi/b64@^6.0.1
131 http fetch GET 200 https://registry.npmjs.org/@hapi%2fb64 1540ms (cache miss)
132 timing idealTree:node_modules/@hapi/statehood Completed in 1549ms
133 timing idealTree:node_modules/@hapi/bourne Completed in 0ms
134 timing idealTree:node_modules/@hapi/cryptiles Completed in 0ms
135 silly placeDep ROOT @hapi/b64@6.0.1 OK for: @hapi/iron@7.0.1 want: ^6.0.1
136 timing idealTree:node_modules/@hapi/iron Completed in 2ms
137 timing idealTree:node_modules/@hapi/b64 Completed in 0ms
138 silly placeDep ROOT @hapi/content@6.0.0 OK for: @hapi/subtext@8.1.0 want: ^6.0.0
139 silly placeDep ROOT @hapi/file@3.0.0 OK for: @hapi/subtext@8.1.0 want: ^3.0.0
140 silly placeDep ROOT @hapi/pez@6.1.0 OK for: @hapi/subtext@8.1.0 want: ^6.1.0
141 silly placeDep ROOT @hapi/wreck@18.1.0 OK for: @hapi/subtext@8.1.0 want: ^18.0.1
142 silly fetch manifest @hapi/nigel@^5.0.1
143 http fetch GET 200 https://registry.npmjs.org/@hapi%2fnigel 1572ms (cache miss)
144 timing idealTree:node_modules/@hapi/subtext Completed in 1584ms
145 timing idealTree:node_modules/@hapi/content Completed in 0ms
146 timing idealTree:node_modules/@hapi/file Completed in 0ms
147 silly placeDep ROOT @hapi/nigel@5.0.1 OK for: @hapi/pez@6.1.0 want: ^5.0.1
148 silly fetch manifest @hapi/vise@^5.0.1
149 http fetch GET 200 https://registry.npmjs.org/@hapi%2fvise 1568ms (cache miss)
150 timing idealTree:node_modules/@hapi/pez Completed in 1571ms
151 silly placeDep ROOT @hapi/vise@5.0.1 OK for: @hapi/nigel@5.0.1 want: ^5.0.1
152 timing idealTree:node_modules/@hapi/nigel Completed in 2ms
153 timing idealTree:node_modules/@hapi/teamwork Completed in 0ms
154 timing idealTree:node_modules/@hapi/topo Completed in 0ms
155 timing idealTree:node_modules/@hapi/validate Completed in 0ms
156 timing idealTree:node_modules/@hapi/vise Completed in 0ms
157 timing idealTree:node_modules/@hapi/wreck Completed in 0ms
158 timing idealTree:node_modules/mime-db Completed in 0ms
159 timing idealTree:buildDeps Completed in 10005ms
160 timing idealTree:fixDepFlags Completed in 1ms
161 timing idealTree Completed in 10031ms
162 timing reify:loadTrees Completed in 10033ms
163 timing reify:diffTrees Completed in 3ms
164 silly reify moves {}
165 timing reify:retireShallow Completed in 3ms
166 timing reify:createSparse Completed in 6ms
167 timing reify:loadBundles Completed in 0ms
168 silly audit bulk request {
168 silly audit   '@hapi/hapi': [ '21.3.12' ],
168 silly audit   '@hapi/accept': [ '6.0.3' ],
168 silly audit   '@hapi/ammo': [ '6.0.1' ],
168 silly audit   '@hapi/boom': [ '10.0.1' ],
168 silly audit   '@hapi/bounce': [ '3.0.2' ],
168 silly audit   '@hapi/call': [ '9.0.1' ],
168 silly audit   '@hapi/catbox': [ '12.1.1' ],
168 silly audit   '@hapi/catbox-memory': [ '6.0.2' ],
168 silly audit   '@hapi/heavy': [ '8.0.1' ],
168 silly audit   '@hapi/hoek': [ '11.0.7' ],
168 silly audit   '@hapi/mimos': [ '7.0.1' ],
168 silly audit   '@hapi/podium': [ '5.0.1' ],
168 silly audit   '@hapi/shot': [ '6.0.1' ],
168 silly audit   '@hapi/somever': [ '4.1.1' ],
168 silly audit   '@hapi/statehood': [ '8.1.1' ],
168 silly audit   '@hapi/subtext': [ '8.1.0' ],
168 silly audit   '@hapi/teamwork': [ '6.0.0' ],
168 silly audit   '@hapi/topo': [ '6.0.2' ],
168 silly audit   '@hapi/validate': [ '2.0.1' ],
168 silly audit   'mime-db': [ '1.53.0' ],
168 silly audit   '@hapi/bourne': [ '3.0.0' ],
168 silly audit   '@hapi/cryptiles': [ '6.0.1' ],
168 silly audit   '@hapi/iron': [ '7.0.1' ],
168 silly audit   '@hapi/b64': [ '6.0.1' ],
168 silly audit   '@hapi/content': [ '6.0.0' ],
168 silly audit   '@hapi/file': [ '3.0.0' ],
168 silly audit   '@hapi/pez': [ '6.1.0' ],
168 silly audit   '@hapi/wreck': [ '18.1.0' ],
168 silly audit   '@hapi/nigel': [ '5.0.1' ],
168 silly audit   '@hapi/vise': [ '5.0.1' ]
168 silly audit }
169 silly tarball no local data for @hapi/vise@https://registry.npmjs.org/@hapi/vise/-/vise-5.0.1.tgz. Extracting by manifest.
170 silly tarball no local data for @hapi/nigel@https://registry.npmjs.org/@hapi/nigel/-/nigel-5.0.1.tgz. Extracting by manifest.
171 silly tarball no local data for @hapi/wreck@https://registry.npmjs.org/@hapi/wreck/-/wreck-18.1.0.tgz. Extracting by manifest.
172 silly tarball no local data for @hapi/pez@https://registry.npmjs.org/@hapi/pez/-/pez-6.1.0.tgz. Extracting by manifest.
173 silly tarball no local data for @hapi/file@https://registry.npmjs.org/@hapi/file/-/file-3.0.0.tgz. Extracting by manifest.
174 silly tarball no local data for @hapi/content@https://registry.npmjs.org/@hapi/content/-/content-6.0.0.tgz. Extracting by manifest.
175 silly tarball no local data for @hapi/b64@https://registry.npmjs.org/@hapi/b64/-/b64-6.0.1.tgz. Extracting by manifest.
176 silly tarball no local data for @hapi/iron@https://registry.npmjs.org/@hapi/iron/-/iron-7.0.1.tgz. Extracting by manifest.
177 silly tarball no local data for @hapi/cryptiles@https://registry.npmjs.org/@hapi/cryptiles/-/cryptiles-6.0.1.tgz. Extracting by manifest.
178 silly tarball no local data for @hapi/bourne@https://registry.npmjs.org/@hapi/bourne/-/bourne-3.0.0.tgz. Extracting by manifest.
179 silly tarball no local data for mime-db@https://registry.npmjs.org/mime-db/-/mime-db-1.53.0.tgz. Extracting by manifest.
180 silly tarball no local data for @hapi/validate@https://registry.npmjs.org/@hapi/validate/-/validate-2.0.1.tgz. Extracting by manifest.
181 silly tarball no local data for @hapi/topo@https://registry.npmjs.org/@hapi/topo/-/topo-6.0.2.tgz. Extracting by manifest.
182 silly tarball no local data for @hapi/teamwork@https://registry.npmjs.org/@hapi/teamwork/-/teamwork-6.0.0.tgz. Extracting by manifest.
183 silly tarball no local data for @hapi/subtext@https://registry.npmjs.org/@hapi/subtext/-/subtext-8.1.0.tgz. Extracting by manifest.
184 silly tarball no local data for @hapi/statehood@https://registry.npmjs.org/@hapi/statehood/-/statehood-8.1.1.tgz. Extracting by manifest.
185 silly tarball no local data for @hapi/somever@https://registry.npmjs.org/@hapi/somever/-/somever-4.1.1.tgz. Extracting by manifest.
186 silly tarball no local data for @hapi/shot@https://registry.npmjs.org/@hapi/shot/-/shot-6.0.1.tgz. Extracting by manifest.
187 silly tarball no local data for @hapi/podium@https://registry.npmjs.org/@hapi/podium/-/podium-5.0.1.tgz. Extracting by manifest.
188 silly tarball no local data for @hapi/mimos@https://registry.npmjs.org/@hapi/mimos/-/mimos-7.0.1.tgz. Extracting by manifest.
189 silly tarball no local data for @hapi/hoek@https://registry.npmjs.org/@hapi/hoek/-/hoek-11.0.7.tgz. Extracting by manifest.
190 silly tarball no local data for @hapi/heavy@https://registry.npmjs.org/@hapi/heavy/-/heavy-8.0.1.tgz. Extracting by manifest.
191 silly tarball no local data for @hapi/catbox-memory@https://registry.npmjs.org/@hapi/catbox-memory/-/catbox-memory-6.0.2.tgz. Extracting by manifest.
192 silly tarball no local data for @hapi/catbox@https://registry.npmjs.org/@hapi/catbox/-/catbox-12.1.1.tgz. Extracting by manifest.
193 silly tarball no local data for @hapi/call@https://registry.npmjs.org/@hapi/call/-/call-9.0.1.tgz. Extracting by manifest.
194 silly tarball no local data for @hapi/bounce@https://registry.npmjs.org/@hapi/bounce/-/bounce-3.0.2.tgz. Extracting by manifest.
195 silly tarball no local data for @hapi/boom@https://registry.npmjs.org/@hapi/boom/-/boom-10.0.1.tgz. Extracting by manifest.
196 silly tarball no local data for @hapi/ammo@https://registry.npmjs.org/@hapi/ammo/-/ammo-6.0.1.tgz. Extracting by manifest.
197 silly tarball no local data for @hapi/accept@https://registry.npmjs.org/@hapi/accept/-/accept-6.0.3.tgz. Extracting by manifest.
198 silly tarball no local data for @hapi/hapi@https://registry.npmjs.org/@hapi/hapi/-/hapi-21.3.12.tgz. Extracting by manifest.
199 http fetch GET 200 https://registry.npmjs.org/mime-db/-/mime-db-1.53.0.tgz 127ms (cache miss)
200 timing reifyNode:node_modules/mime-db Completed in 179ms
201 http fetch POST 200 https://registry.npmjs.org/-/npm/v1/security/advisories/bulk 226ms
202 timing auditReport:getReport Completed in 231ms
203 silly audit report {}
204 timing auditReport:init Completed in 0ms
205 timing reify:audit Completed in 233ms
206 http fetch GET 200 https://registry.npmjs.org/@hapi/bourne/-/bourne-3.0.0.tgz 312ms (cache miss)
207 timing reifyNode:node_modules/@hapi/bourne Completed in 362ms
208 http fetch GET 200 https://registry.npmjs.org/@hapi/nigel/-/nigel-5.0.1.tgz 784ms (cache miss)
209 timing reifyNode:node_modules/@hapi/nigel Completed in 817ms
210 http fetch GET 200 https://registry.npmjs.org/@hapi/pez/-/pez-6.1.0.tgz 783ms (cache miss)
211 timing reifyNode:node_modules/@hapi/pez Completed in 820ms
212 http fetch GET 200 https://registry.npmjs.org/@hapi/iron/-/iron-7.0.1.tgz 780ms (cache miss)
213 timing reifyNode:node_modules/@hapi/iron Completed in 826ms
214 http fetch GET 200 https://registry.npmjs.org/@hapi/vise/-/vise-5.0.1.tgz 923ms (cache miss)
215 timing reifyNode:node_modules/@hapi/vise Completed in 955ms
216 http fetch GET 200 https://registry.npmjs.org/@hapi/file/-/file-3.0.0.tgz 1009ms (cache miss)
217 timing reifyNode:node_modules/@hapi/file Completed in 1047ms
218 http fetch GET 200 https://registry.npmjs.org/@hapi/teamwork/-/teamwork-6.0.0.tgz 992ms (cache miss)
219 timing reifyNode:node_modules/@hapi/teamwork Completed in 1048ms
220 http fetch GET 200 https://registry.npmjs.org/@hapi/cryptiles/-/cryptiles-6.0.1.tgz 1003ms (cache miss)
221 timing reifyNode:node_modules/@hapi/cryptiles Completed in 1050ms
222 http fetch GET 200 https://registry.npmjs.org/@hapi/topo/-/topo-6.0.2.tgz 999ms (cache miss)
223 timing reifyNode:node_modules/@hapi/topo Completed in 1053ms
224 http fetch GET 200 https://registry.npmjs.org/@hapi/b64/-/b64-6.0.1.tgz 1018ms (cache miss)
225 timing reifyNode:node_modules/@hapi/b64 Completed in 1061ms
226 http fetch GET 200 https://registry.npmjs.org/@hapi/content/-/content-6.0.0.tgz 1024ms (cache miss)
227 timing reifyNode:node_modules/@hapi/content Completed in 1065ms
228 http fetch GET 200 https://registry.npmjs.org/@hapi/subtext/-/subtext-8.1.0.tgz 1049ms (cache miss)
229 timing reifyNode:node_modules/@hapi/subtext Completed in 1114ms
230 http fetch GET 200 https://registry.npmjs.org/@hapi/boom/-/boom-10.0.1.tgz 1034ms (cache miss)
231 timing reifyNode:node_modules/@hapi/boom Completed in 1115ms
232 http fetch GET 200 https://registry.npmjs.org/@hapi/wreck/-/wreck-18.1.0.tgz 1085ms (cache miss)
233 timing reifyNode:node_modules/@hapi/wreck Completed in 1119ms
234 http fetch GET 200 https://registry.npmjs.org/@hapi/statehood/-/statehood-8.1.1.tgz 1066ms (cache miss)
235 timing reifyNode:node_modules/@hapi/statehood Completed in 1133ms
236 http fetch GET 200 https://registry.npmjs.org/@hapi/hoek/-/hoek-11.0.7.tgz 1060ms (cache miss)
237 timing reifyNode:node_modules/@hapi/hoek Completed in 1135ms
238 http fetch GET 200 https://registry.npmjs.org/@hapi/validate/-/validate-2.0.1.tgz 1088ms (cache miss)
239 timing reifyNode:node_modules/@hapi/validate Completed in 1140ms
240 http fetch GET 200 https://registry.npmjs.org/@hapi/somever/-/somever-4.1.1.tgz 1166ms (cache miss)
241 timing reifyNode:node_modules/@hapi/somever Completed in 1234ms
242 http fetch GET 200 https://registry.npmjs.org/@hapi/shot/-/shot-6.0.1.tgz 1412ms (cache miss)
243 timing reifyNode:node_modules/@hapi/shot Completed in 1482ms
244 http fetch GET 200 https://registry.npmjs.org/@hapi/mimos/-/mimos-7.0.1.tgz 1434ms (cache miss)
245 timing reifyNode:node_modules/@hapi/mimos Completed in 1507ms
246 http fetch GET 200 https://registry.npmjs.org/@hapi/podium/-/podium-5.0.1.tgz 1608ms (cache miss)
247 timing reifyNode:node_modules/@hapi/podium Completed in 1679ms
248 http fetch GET 200 https://registry.npmjs.org/@hapi/bounce/-/bounce-3.0.2.tgz 1642ms (cache miss)
249 timing reifyNode:node_modules/@hapi/bounce Completed in 1722ms
250 http fetch GET 200 https://registry.npmjs.org/@hapi/call/-/call-9.0.1.tgz 1806ms (cache miss)
251 timing reifyNode:node_modules/@hapi/call Completed in 1885ms
252 http fetch GET 200 https://registry.npmjs.org/@hapi/catbox-memory/-/catbox-memory-6.0.2.tgz 1810ms (cache miss)
253 timing reifyNode:node_modules/@hapi/catbox-memory Completed in 1886ms
254 http fetch GET 200 https://registry.npmjs.org/@hapi/heavy/-/heavy-8.0.1.tgz 1812ms (cache miss)
255 timing reifyNode:node_modules/@hapi/heavy Completed in 1888ms
256 http fetch GET 200 https://registry.npmjs.org/@hapi/accept/-/accept-6.0.3.tgz 1838ms (cache miss)
257 timing reifyNode:node_modules/@hapi/accept Completed in 1924ms
258 http fetch GET 200 https://registry.npmjs.org/@hapi/catbox/-/catbox-12.1.1.tgz 1851ms (cache miss)
259 timing reifyNode:node_modules/@hapi/catbox Completed in 1929ms
260 http fetch GET 200 https://registry.npmjs.org/@hapi/ammo/-/ammo-6.0.1.tgz 1847ms (cache miss)
261 timing reifyNode:node_modules/@hapi/ammo Completed in 1930ms
262 http fetch GET 200 https://registry.npmjs.org/@hapi/hapi/-/hapi-21.3.12.tgz 1889ms (cache miss)
263 timing reifyNode:node_modules/@hapi/hapi Completed in 1976ms
264 timing reify:unpack Completed in 1979ms
265 timing reify:unretire Completed in 0ms
266 timing build:queue Completed in 2ms
267 timing build:deps Completed in 2ms
268 timing build Completed in 3ms
269 timing reify:build Completed in 4ms
270 timing reify:trash Completed in 0ms
271 timing reify:save Completed in 26ms
272 timing reify Completed in 12076ms
273 silly ADD node_modules/@hapi/vise
274 silly ADD node_modules/@hapi/nigel
275 silly ADD node_modules/@hapi/wreck
276 silly ADD node_modules/@hapi/pez
277 silly ADD node_modules/@hapi/file
278 silly ADD node_modules/@hapi/content
279 silly ADD node_modules/@hapi/b64
280 silly ADD node_modules/@hapi/iron
281 silly ADD node_modules/@hapi/cryptiles
282 silly ADD node_modules/@hapi/bourne
283 silly ADD node_modules/mime-db
284 silly ADD node_modules/@hapi/validate
285 silly ADD node_modules/@hapi/topo
286 silly ADD node_modules/@hapi/teamwork
287 silly ADD node_modules/@hapi/subtext
288 silly ADD node_modules/@hapi/statehood
289 silly ADD node_modules/@hapi/somever
290 silly ADD node_modules/@hapi/shot
291 silly ADD node_modules/@hapi/podium
292 silly ADD node_modules/@hapi/mimos
293 silly ADD node_modules/@hapi/hoek
294 silly ADD node_modules/@hapi/heavy
295 silly ADD node_modules/@hapi/catbox-memory
296 silly ADD node_modules/@hapi/catbox
297 silly ADD node_modules/@hapi/call
298 silly ADD node_modules/@hapi/bounce
299 silly ADD node_modules/@hapi/boom
300 silly ADD node_modules/@hapi/ammo
301 silly ADD node_modules/@hapi/accept
302 silly ADD node_modules/@hapi/hapi
303 timing command:i Completed in 12088ms
304 verbose exit 0
305 timing npm Completed in 12139ms
306 info ok
