0 verbose cli /usr/bin/node /usr/bin/npm
1 info using npm@9.2.0
2 info using node@v18.19.0
3 timing npm:load:whichnode Completed in 0ms
4 timing config:load:defaults Completed in 3ms
5 timing config:load:file:/usr/share/nodejs/npm/npmrc Completed in 4ms
6 timing config:load:builtin Completed in 4ms
7 timing config:load:cli Completed in 3ms
8 timing config:load:env Completed in 1ms
9 timing config:load:file:/home/retinamata/.cache/typescript/5.6/.npmrc Completed in 0ms
10 timing config:load:project Completed in 2ms
11 timing config:load:file:/home/retinamata/.npmrc Completed in 1ms
12 timing config:load:user Completed in 1ms
13 timing config:load:file:/etc/npmrc Completed in 0ms
14 timing config:load:global Completed in 1ms
15 timing config:load:setEnvs Completed in 1ms
16 timing config:load Completed in 16ms
17 timing npm:load:configload Completed in 16ms
18 timing npm:load:mkdirpcache Completed in 1ms
19 timing npm:load:mkdirplogs Completed in 0ms
20 verbose title npm install @types/node@ts5.6
21 verbose argv "install" "--ignore-scripts" "@types/node@ts5.6" "--save-dev" "--user-agent" "typesInstaller/5.6.3"
22 timing npm:load:setTitle Completed in 2ms
23 timing config:load:flatten Completed in 4ms
24 timing npm:load:display Completed in 7ms
25 verbose logfile logs-max:10 dir:/home/retinamata/.npm/_logs/2024-11-24T11_31_06_792Z-
26 verbose logfile /home/retinamata/.npm/_logs/2024-11-24T11_31_06_792Z-debug-0.log
27 timing npm:load:logFile Completed in 8ms
28 timing npm:load:timers Completed in 0ms
29 timing npm:load:configScope Completed in 0ms
30 timing npm:load Completed in 36ms
31 silly logfile done cleaning log files
32 timing config:load:flatten Completed in 1ms
33 timing arborist:ctor Completed in 1ms
34 timing idealTree:init Completed in 24ms
35 timing arborist:ctor Completed in 0ms
36 http fetch GET 200 https://registry.npmjs.org/@types%2fnode 272ms (cache miss)
37 timing idealTree:userRequests Completed in 296ms
38 silly idealTree buildDeps
39 silly fetch manifest @types/node@22.9.3
40 silly placeDep ROOT @types/node@22.9.3 OK for:  want: 22.9.3
41 silly fetch manifest undici-types@~6.19.8
42 http fetch GET 200 https://registry.npmjs.org/undici-types 53ms (cache miss)
43 timing idealTree:#root Completed in 64ms
44 silly placeDep ROOT undici-types@6.19.8 OK for: @types/node@22.9.3 want: ~6.19.8
45 timing idealTree:node_modules/@types/node Completed in 3ms
46 timing idealTree:node_modules/undici-types Completed in 0ms
47 timing idealTree:buildDeps Completed in 70ms
48 timing idealTree:fixDepFlags Completed in 1ms
49 timing idealTree Completed in 392ms
50 timing reify:loadTrees Completed in 394ms
51 timing reify:diffTrees Completed in 2ms
52 silly reify moves {}
53 timing reify:retireShallow Completed in 2ms
54 timing reify:createSparse Completed in 1ms
55 timing reify:loadBundles Completed in 0ms
56 silly audit bulk request {
56 silly audit   'types-registry': [ '0.1.696' ],
56 silly audit   '@types/node': [ '22.9.3' ],
56 silly audit   'undici-types': [ '6.19.8' ]
56 silly audit }
57 silly tarball no local data for undici-types@https://registry.npmjs.org/undici-types/-/undici-types-6.19.8.tgz. Extracting by manifest.
58 silly tarball no local data for @types/node@https://registry.npmjs.org/@types/node/-/node-22.9.3.tgz. Extracting by manifest.
59 http fetch GET 200 https://registry.npmjs.org/undici-types/-/undici-types-6.19.8.tgz 148ms (cache miss)
60 timing reifyNode:node_modules/undici-types Completed in 159ms
61 http fetch POST 200 https://registry.npmjs.org/-/npm/v1/security/advisories/bulk 199ms
62 timing auditReport:getReport Completed in 202ms
63 silly audit report {}
64 timing auditReport:init Completed in 0ms
65 timing reify:audit Completed in 203ms
66 http fetch GET 200 https://registry.npmjs.org/@types/node/-/node-22.9.3.tgz 222ms (cache miss)
67 timing reifyNode:node_modules/@types/node Completed in 234ms
68 timing reify:unpack Completed in 235ms
69 timing reify:unretire Completed in 1ms
70 timing build:queue Completed in 0ms
71 timing build:deps Completed in 1ms
72 timing build Completed in 1ms
73 timing reify:build Completed in 1ms
74 timing reify:trash Completed in 0ms
75 timing reify:save Completed in 8ms
76 timing reify Completed in 656ms
77 silly ADD node_modules/undici-types
78 silly ADD node_modules/@types/node
79 timing command:install Completed in 665ms
80 verbose exit 0
81 timing npm Completed in 721ms
82 info ok
