2024-11-27 12:49:13.228 [info] [main] Log level: Info
2024-11-27 12:49:13.229 [info] [main] Validating found git in: "git"
2024-11-27 12:49:13.229 [info] [main] Using git "2.39.5" from "git"
2024-11-27 12:49:13.229 [info] [Model][doInitialScan] Initial repository scan started
2024-11-27 12:49:13.236 [info] > git rev-parse --show-toplevel [17ms]
2024-11-27 12:49:13.277 [info] > git rev-parse --git-dir --git-common-dir [17ms]
2024-11-27 12:49:13.316 [info] [Model][openRepository] Opened repository: /home/retinamata
2024-11-27 12:49:13.636 [info] > git rev-parse --show-toplevel [71ms]
2024-11-27 12:49:13.637 [info] > git config --get commit.template [84ms]
2024-11-27 12:49:13.671 [info] > git rev-parse --show-toplevel [14ms]
2024-11-27 12:49:13.708 [info] > git for-each-ref --format=%(refname)%00%(upstream:short)%00%(objectname)%00%(upstream:track)%00%(upstream:remotename)%00%(upstream:remoteref) refs/heads/cc-progress refs/remotes/cc-progress [39ms]
2024-11-27 12:49:13.741 [info] > git rev-parse --show-toplevel [35ms]
2024-11-27 12:49:13.767 [info] > git for-each-ref --sort -committerdate --format %(refname) %(objectname) %(*objectname) [27ms]
2024-11-27 12:49:13.787 [info] > git rev-parse --show-toplevel [23ms]
2024-11-27 12:49:13.818 [info] > git rev-parse --show-toplevel [13ms]
2024-11-27 12:49:13.874 [info] > git rev-parse --show-toplevel [30ms]
2024-11-27 12:49:13.895 [info] > git check-ignore -v -z --stdin [33ms]
2024-11-27 12:49:13.926 [info] > git status -z -uall [197ms]
2024-11-27 12:49:13.978 [info] > git rev-parse --show-toplevel [84ms]
2024-11-27 12:49:13.993 [info] [Model][doInitialScan] Initial repository scan completed - repositories (1), closed repositories (0), parent repositories (0), unsafe repositories (0)
2024-11-27 12:49:14.073 [info] > git show --textconv :hapi/index.js [58ms]
2024-11-27 12:49:14.073 [info] > git for-each-ref --format=%(refname)%00%(upstream:short)%00%(objectname)%00%(upstream:track)%00%(upstream:remotename)%00%(upstream:remoteref) refs/heads/cc-progress refs/remotes/cc-progress [120ms]
2024-11-27 12:49:14.287 [info] > git config --local branch.cc-progress.vscode-merge-base [178ms]
2024-11-27 12:49:14.287 [warning] [Git][config] git config failed: Failed to execute git
2024-11-27 12:49:14.316 [info] > git config --get commit.template [244ms]
2024-11-27 12:49:14.317 [info] > git ls-files --stage -- /home/retinamata/hapi/index.js [265ms]
2024-11-27 12:49:14.352 [info] > git reflog cc-progress --grep-reflog=branch: Created from *. [36ms]
2024-11-27 12:49:14.378 [info] > git cat-file -s 108fc9b137ca60e7e087e53016dc5b345d66e9f8 [53ms]
2024-11-27 12:49:14.541 [info] > git for-each-ref --format=%(refname)%00%(upstream:short)%00%(objectname)%00%(upstream:track)%00%(upstream:remotename)%00%(upstream:remoteref) refs/heads/cc-progress refs/remotes/cc-progress [191ms]
2024-11-27 12:49:14.584 [info] > git symbolic-ref --short refs/remotes/origin/HEAD [205ms]
2024-11-27 12:49:14.584 [info] fatal: ref refs/remotes/origin/HEAD is not a symbolic ref
2024-11-27 12:49:14.584 [warning] [Repository][getDefaultBranch] Failed to get default branch details: Failed to execute git.
2024-11-27 12:49:14.744 [info] > git status -z -uall [177ms]
2024-11-27 12:49:14.745 [info] > git for-each-ref --sort -committerdate --format %(refname) %(objectname) %(*objectname) [164ms]
2024-11-27 12:49:25.519 [info] > git config --get commit.template [6ms]
2024-11-27 12:49:25.520 [info] > git for-each-ref --format=%(refname)%00%(upstream:short)%00%(objectname)%00%(upstream:track)%00%(upstream:remotename)%00%(upstream:remoteref) refs/heads/cc-progress refs/remotes/cc-progress [2ms]
2024-11-27 12:49:25.535 [info] > git for-each-ref --sort -committerdate --format %(refname) %(objectname) %(*objectname) [6ms]
2024-11-27 12:49:25.557 [info] > git status -z -uall [33ms]
2024-11-27 12:49:32.048 [info] > git config --get commit.template [5ms]
2024-11-27 12:49:32.049 [info] > git for-each-ref --format=%(refname)%00%(upstream:short)%00%(objectname)%00%(upstream:track)%00%(upstream:remotename)%00%(upstream:remoteref) refs/heads/cc-progress refs/remotes/cc-progress [2ms]
2024-11-27 12:49:32.063 [info] > git for-each-ref --sort -committerdate --format %(refname) %(objectname) %(*objectname) [6ms]
2024-11-27 12:49:32.085 [info] > git status -z -uall [33ms]
2024-11-27 12:49:33.806 [info] > git check-ignore -v -z --stdin [4ms]
2024-11-27 12:49:37.100 [info] > git config --get commit.template [5ms]
2024-11-27 12:49:37.101 [info] > git for-each-ref --format=%(refname)%00%(upstream:short)%00%(objectname)%00%(upstream:track)%00%(upstream:remotename)%00%(upstream:remoteref) refs/heads/cc-progress refs/remotes/cc-progress [3ms]
2024-11-27 12:49:37.115 [info] > git for-each-ref --sort -committerdate --format %(refname) %(objectname) %(*objectname) [6ms]
2024-11-27 12:49:37.138 [info] > git status -z -uall [34ms]
2024-11-27 12:49:42.151 [info] > git config --get commit.template [5ms]
2024-11-27 12:49:42.152 [info] > git for-each-ref --format=%(refname)%00%(upstream:short)%00%(objectname)%00%(upstream:track)%00%(upstream:remotename)%00%(upstream:remoteref) refs/heads/cc-progress refs/remotes/cc-progress [2ms]
2024-11-27 12:49:42.167 [info] > git for-each-ref --sort -committerdate --format %(refname) %(objectname) %(*objectname) [7ms]
2024-11-27 12:49:42.189 [info] > git status -z -uall [34ms]
2024-11-27 12:49:47.203 [info] > git config --get commit.template [5ms]
2024-11-27 12:49:47.204 [info] > git for-each-ref --format=%(refname)%00%(upstream:short)%00%(objectname)%00%(upstream:track)%00%(upstream:remotename)%00%(upstream:remoteref) refs/heads/cc-progress refs/remotes/cc-progress [2ms]
2024-11-27 12:49:47.220 [info] > git for-each-ref --sort -committerdate --format %(refname) %(objectname) %(*objectname) [9ms]
2024-11-27 12:49:47.241 [info] > git status -z -uall [34ms]
2024-11-27 12:49:50.393 [info] > git check-ignore -v -z --stdin [3ms]
2024-11-27 12:49:52.256 [info] > git config --get commit.template [5ms]
2024-11-27 12:49:52.257 [info] > git for-each-ref --format=%(refname)%00%(upstream:short)%00%(objectname)%00%(upstream:track)%00%(upstream:remotename)%00%(upstream:remoteref) refs/heads/cc-progress refs/remotes/cc-progress [2ms]
2024-11-27 12:49:52.280 [info] > git for-each-ref --sort -committerdate --format %(refname) %(objectname) %(*objectname) [6ms]
2024-11-27 12:49:52.299 [info] > git status -z -uall [39ms]
2024-11-27 12:49:53.006 [info] > git log --format=%H%n%aN%n%aE%n%at%n%ct%n%P%n%D%n%B -z --shortstat --diff-merges=first-parent -n50 --skip=0 --topo-order --decorate=full --stdin [3129ms]
2024-11-27 12:49:57.313 [info] > git for-each-ref --format=%(refname)%00%(upstream:short)%00%(objectname)%00%(upstream:track)%00%(upstream:remotename)%00%(upstream:remoteref) refs/heads/cc-progress refs/remotes/cc-progress [2ms]
2024-11-27 12:49:57.314 [info] > git config --get commit.template [7ms]
2024-11-27 12:49:57.330 [info] > git for-each-ref --sort -committerdate --format %(refname) %(objectname) %(*objectname) [7ms]
2024-11-27 12:49:57.352 [info] > git status -z -uall [34ms]
2024-11-27 12:49:57.669 [info] > git check-ignore -v -z --stdin [3ms]
2024-11-27 12:50:01.074 [info] > git check-ignore -v -z --stdin [3ms]
2024-11-27 12:50:02.367 [info] > git config --get commit.template [7ms]
2024-11-27 12:50:02.368 [info] > git for-each-ref --format=%(refname)%00%(upstream:short)%00%(objectname)%00%(upstream:track)%00%(upstream:remotename)%00%(upstream:remoteref) refs/heads/cc-progress refs/remotes/cc-progress [3ms]
2024-11-27 12:50:02.382 [info] > git for-each-ref --sort -committerdate --format %(refname) %(objectname) %(*objectname) [5ms]
2024-11-27 12:50:02.405 [info] > git status -z -uall [34ms]
2024-11-27 12:50:07.418 [info] > git config --get commit.template [5ms]
2024-11-27 12:50:07.419 [info] > git for-each-ref --format=%(refname)%00%(upstream:short)%00%(objectname)%00%(upstream:track)%00%(upstream:remotename)%00%(upstream:remoteref) refs/heads/cc-progress refs/remotes/cc-progress [2ms]
2024-11-27 12:50:07.433 [info] > git for-each-ref --sort -committerdate --format %(refname) %(objectname) %(*objectname) [6ms]
2024-11-27 12:50:07.458 [info] > git status -z -uall [35ms]
2024-11-27 12:50:12.469 [info] > git config --get commit.template [5ms]
2024-11-27 12:50:12.470 [info] > git for-each-ref --format=%(refname)%00%(upstream:short)%00%(objectname)%00%(upstream:track)%00%(upstream:remotename)%00%(upstream:remoteref) refs/heads/cc-progress refs/remotes/cc-progress [2ms]
2024-11-27 12:50:12.487 [info] > git for-each-ref --sort -committerdate --format %(refname) %(objectname) %(*objectname) [9ms]
2024-11-27 12:50:12.510 [info] > git status -z -uall [37ms]
2024-11-27 12:50:20.591 [info] > git config --get commit.template [5ms]
2024-11-27 12:50:20.592 [info] > git for-each-ref --format=%(refname)%00%(upstream:short)%00%(objectname)%00%(upstream:track)%00%(upstream:remotename)%00%(upstream:remoteref) refs/heads/cc-progress refs/remotes/cc-progress [2ms]
2024-11-27 12:50:20.606 [info] > git for-each-ref --sort -committerdate --format %(refname) %(objectname) %(*objectname) [7ms]
2024-11-27 12:50:20.629 [info] > git status -z -uall [34ms]
2024-11-27 12:50:40.702 [info] > git config --get commit.template [4ms]
2024-11-27 12:50:40.703 [info] > git for-each-ref --format=%(refname)%00%(upstream:short)%00%(objectname)%00%(upstream:track)%00%(upstream:remotename)%00%(upstream:remoteref) refs/heads/cc-progress refs/remotes/cc-progress [2ms]
2024-11-27 12:50:40.717 [info] > git for-each-ref --sort -committerdate --format %(refname) %(objectname) %(*objectname) [7ms]
2024-11-27 12:50:40.739 [info] > git status -z -uall [33ms]
2024-11-27 12:50:45.750 [info] > git config --get commit.template [1ms]
2024-11-27 12:50:45.757 [info] > git for-each-ref --format=%(refname)%00%(upstream:short)%00%(objectname)%00%(upstream:track)%00%(upstream:remotename)%00%(upstream:remoteref) refs/heads/cc-progress refs/remotes/cc-progress [0ms]
2024-11-27 12:50:45.771 [info] > git for-each-ref --sort -committerdate --format %(refname) %(objectname) %(*objectname) [6ms]
2024-11-27 12:50:45.793 [info] > git status -z -uall [33ms]
2024-11-27 12:50:50.807 [info] > git config --get commit.template [5ms]
2024-11-27 12:50:50.810 [info] > git for-each-ref --format=%(refname)%00%(upstream:short)%00%(objectname)%00%(upstream:track)%00%(upstream:remotename)%00%(upstream:remoteref) refs/heads/cc-progress refs/remotes/cc-progress [3ms]
2024-11-27 12:50:50.823 [info] > git for-each-ref --sort -committerdate --format %(refname) %(objectname) %(*objectname) [5ms]
2024-11-27 12:50:50.845 [info] > git status -z -uall [32ms]
2024-11-27 12:50:55.856 [info] > git config --get commit.template [4ms]
2024-11-27 12:50:55.858 [info] > git for-each-ref --format=%(refname)%00%(upstream:short)%00%(objectname)%00%(upstream:track)%00%(upstream:remotename)%00%(upstream:remoteref) refs/heads/cc-progress refs/remotes/cc-progress [2ms]
2024-11-27 12:50:55.871 [info] > git for-each-ref --sort -committerdate --format %(refname) %(objectname) %(*objectname) [5ms]
2024-11-27 12:50:55.893 [info] > git status -z -uall [32ms]
2024-11-27 12:51:00.905 [info] > git config --get commit.template [4ms]
2024-11-27 12:51:00.907 [info] > git for-each-ref --format=%(refname)%00%(upstream:short)%00%(objectname)%00%(upstream:track)%00%(upstream:remotename)%00%(upstream:remoteref) refs/heads/cc-progress refs/remotes/cc-progress [2ms]
2024-11-27 12:51:00.921 [info] > git for-each-ref --sort -committerdate --format %(refname) %(objectname) %(*objectname) [7ms]
2024-11-27 12:51:00.943 [info] > git status -z -uall [33ms]
2024-11-27 12:51:12.186 [info] > git config --get commit.template [3ms]
2024-11-27 12:51:12.193 [info] > git for-each-ref --format=%(refname)%00%(upstream:short)%00%(objectname)%00%(upstream:track)%00%(upstream:remotename)%00%(upstream:remoteref) refs/heads/cc-progress refs/remotes/cc-progress [3ms]
2024-11-27 12:51:12.213 [info] > git for-each-ref --sort -committerdate --format %(refname) %(objectname) %(*objectname) [4ms]
2024-11-27 12:51:12.260 [info] > git status -z -uall [61ms]
2024-11-27 12:51:17.277 [info] > git config --get commit.template [5ms]
2024-11-27 12:51:17.278 [info] > git for-each-ref --format=%(refname)%00%(upstream:short)%00%(objectname)%00%(upstream:track)%00%(upstream:remotename)%00%(upstream:remoteref) refs/heads/cc-progress refs/remotes/cc-progress [2ms]
2024-11-27 12:51:17.296 [info] > git for-each-ref --sort -committerdate --format %(refname) %(objectname) %(*objectname) [4ms]
2024-11-27 12:51:17.317 [info] > git status -z -uall [32ms]
2024-11-27 12:51:22.330 [info] > git config --get commit.template [6ms]
2024-11-27 12:51:22.331 [info] > git for-each-ref --format=%(refname)%00%(upstream:short)%00%(objectname)%00%(upstream:track)%00%(upstream:remotename)%00%(upstream:remoteref) refs/heads/cc-progress refs/remotes/cc-progress [2ms]
2024-11-27 12:51:22.346 [info] > git for-each-ref --sort -committerdate --format %(refname) %(objectname) %(*objectname) [7ms]
2024-11-27 12:51:22.368 [info] > git status -z -uall [33ms]
2024-11-27 12:51:34.417 [info] > git config --get commit.template [6ms]
2024-11-27 12:51:34.417 [info] > git for-each-ref --format=%(refname)%00%(upstream:short)%00%(objectname)%00%(upstream:track)%00%(upstream:remotename)%00%(upstream:remoteref) refs/heads/cc-progress refs/remotes/cc-progress [2ms]
2024-11-27 12:51:34.431 [info] > git for-each-ref --sort -committerdate --format %(refname) %(objectname) %(*objectname) [5ms]
2024-11-27 12:51:34.453 [info] > git status -z -uall [33ms]
2024-11-27 12:51:39.465 [info] > git config --get commit.template [5ms]
2024-11-27 12:51:39.467 [info] > git for-each-ref --format=%(refname)%00%(upstream:short)%00%(objectname)%00%(upstream:track)%00%(upstream:remotename)%00%(upstream:remoteref) refs/heads/cc-progress refs/remotes/cc-progress [2ms]
2024-11-27 12:51:39.481 [info] > git for-each-ref --sort -committerdate --format %(refname) %(objectname) %(*objectname) [6ms]
2024-11-27 12:51:39.504 [info] > git status -z -uall [35ms]
2024-11-27 12:51:44.515 [info] > git config --get commit.template [4ms]
2024-11-27 12:51:44.517 [info] > git for-each-ref --format=%(refname)%00%(upstream:short)%00%(objectname)%00%(upstream:track)%00%(upstream:remotename)%00%(upstream:remoteref) refs/heads/cc-progress refs/remotes/cc-progress [1ms]
2024-11-27 12:51:44.531 [info] > git for-each-ref --sort -committerdate --format %(refname) %(objectname) %(*objectname) [6ms]
2024-11-27 12:51:44.554 [info] > git status -z -uall [34ms]
2024-11-27 12:51:49.568 [info] > git config --get commit.template [6ms]
2024-11-27 12:51:49.568 [info] > git for-each-ref --format=%(refname)%00%(upstream:short)%00%(objectname)%00%(upstream:track)%00%(upstream:remotename)%00%(upstream:remoteref) refs/heads/cc-progress refs/remotes/cc-progress [2ms]
2024-11-27 12:51:49.582 [info] > git for-each-ref --sort -committerdate --format %(refname) %(objectname) %(*objectname) [6ms]
2024-11-27 12:51:49.608 [info] > git status -z -uall [36ms]
2024-11-27 12:51:51.008 [info] > git check-ignore -v -z --stdin [3ms]
2024-11-27 12:51:54.621 [info] > git config --get commit.template [6ms]
2024-11-27 12:51:54.622 [info] > git for-each-ref --format=%(refname)%00%(upstream:short)%00%(objectname)%00%(upstream:track)%00%(upstream:remotename)%00%(upstream:remoteref) refs/heads/cc-progress refs/remotes/cc-progress [2ms]
2024-11-27 12:51:54.637 [info] > git for-each-ref --sort -committerdate --format %(refname) %(objectname) %(*objectname) [7ms]
2024-11-27 12:51:54.659 [info] > git status -z -uall [34ms]
2024-11-27 12:51:59.674 [info] > git for-each-ref --format=%(refname)%00%(upstream:short)%00%(objectname)%00%(upstream:track)%00%(upstream:remotename)%00%(upstream:remoteref) refs/heads/cc-progress refs/remotes/cc-progress [1ms]
2024-11-27 12:51:59.674 [info] > git config --get commit.template [8ms]
2024-11-27 12:51:59.709 [info] > git for-each-ref --sort -committerdate --format %(refname) %(objectname) %(*objectname) [14ms]
2024-11-27 12:51:59.720 [info] > git status -z -uall [39ms]
2024-11-27 12:52:04.734 [info] > git config --get commit.template [5ms]
2024-11-27 12:52:04.735 [info] > git for-each-ref --format=%(refname)%00%(upstream:short)%00%(objectname)%00%(upstream:track)%00%(upstream:remotename)%00%(upstream:remoteref) refs/heads/cc-progress refs/remotes/cc-progress [3ms]
2024-11-27 12:52:04.750 [info] > git for-each-ref --sort -committerdate --format %(refname) %(objectname) %(*objectname) [7ms]
2024-11-27 12:52:04.772 [info] > git status -z -uall [33ms]
2024-11-27 12:52:10.613 [info] > git config --get commit.template [5ms]
2024-11-27 12:52:10.614 [info] > git for-each-ref --format=%(refname)%00%(upstream:short)%00%(objectname)%00%(upstream:track)%00%(upstream:remotename)%00%(upstream:remoteref) refs/heads/cc-progress refs/remotes/cc-progress [2ms]
2024-11-27 12:52:10.627 [info] > git for-each-ref --sort -committerdate --format %(refname) %(objectname) %(*objectname) [5ms]
2024-11-27 12:52:10.650 [info] > git status -z -uall [33ms]
2024-11-27 12:52:15.663 [info] > git config --get commit.template [5ms]
2024-11-27 12:52:15.664 [info] > git for-each-ref --format=%(refname)%00%(upstream:short)%00%(objectname)%00%(upstream:track)%00%(upstream:remotename)%00%(upstream:remoteref) refs/heads/cc-progress refs/remotes/cc-progress [2ms]
2024-11-27 12:52:15.680 [info] > git for-each-ref --sort -committerdate --format %(refname) %(objectname) %(*objectname) [8ms]
2024-11-27 12:52:15.701 [info] > git status -z -uall [34ms]
2024-11-27 12:52:20.712 [info] > git config --get commit.template [4ms]
2024-11-27 12:52:20.713 [info] > git for-each-ref --format=%(refname)%00%(upstream:short)%00%(objectname)%00%(upstream:track)%00%(upstream:remotename)%00%(upstream:remoteref) refs/heads/cc-progress refs/remotes/cc-progress [2ms]
2024-11-27 12:52:20.730 [info] > git for-each-ref --sort -committerdate --format %(refname) %(objectname) %(*objectname) [8ms]
2024-11-27 12:52:20.751 [info] > git status -z -uall [35ms]
2024-11-27 12:52:25.761 [info] > git config --get commit.template [2ms]
2024-11-27 12:52:25.766 [info] > git for-each-ref --format=%(refname)%00%(upstream:short)%00%(objectname)%00%(upstream:track)%00%(upstream:remotename)%00%(upstream:remoteref) refs/heads/cc-progress refs/remotes/cc-progress [2ms]
2024-11-27 12:52:25.780 [info] > git for-each-ref --sort -committerdate --format %(refname) %(objectname) %(*objectname) [6ms]
2024-11-27 12:52:25.802 [info] > git status -z -uall [33ms]
2024-11-27 12:52:30.817 [info] > git config --get commit.template [6ms]
2024-11-27 12:52:30.817 [info] > git for-each-ref --format=%(refname)%00%(upstream:short)%00%(objectname)%00%(upstream:track)%00%(upstream:remotename)%00%(upstream:remoteref) refs/heads/cc-progress refs/remotes/cc-progress [3ms]
2024-11-27 12:52:30.831 [info] > git for-each-ref --sort -committerdate --format %(refname) %(objectname) %(*objectname) [7ms]
2024-11-27 12:52:30.854 [info] > git status -z -uall [34ms]
2024-11-27 12:52:46.016 [info] > git config --get commit.template [4ms]
2024-11-27 12:52:46.017 [info] > git for-each-ref --format=%(refname)%00%(upstream:short)%00%(objectname)%00%(upstream:track)%00%(upstream:remotename)%00%(upstream:remoteref) refs/heads/cc-progress refs/remotes/cc-progress [2ms]
2024-11-27 12:52:46.029 [info] > git for-each-ref --sort -committerdate --format %(refname) %(objectname) %(*objectname) [4ms]
2024-11-27 12:52:46.058 [info] > git status -z -uall [38ms]
2024-11-27 12:53:13.890 [info] > git config --get commit.template [5ms]
2024-11-27 12:53:13.891 [info] > git for-each-ref --format=%(refname)%00%(upstream:short)%00%(objectname)%00%(upstream:track)%00%(upstream:remotename)%00%(upstream:remoteref) refs/heads/cc-progress refs/remotes/cc-progress [2ms]
2024-11-27 12:53:13.910 [info] > git for-each-ref --sort -committerdate --format %(refname) %(objectname) %(*objectname) [4ms]
2024-11-27 12:53:13.929 [info] > git status -z -uall [35ms]
2024-11-27 12:53:33.415 [info] > git config --get commit.template [4ms]
2024-11-27 12:53:33.416 [info] > git for-each-ref --format=%(refname)%00%(upstream:short)%00%(objectname)%00%(upstream:track)%00%(upstream:remotename)%00%(upstream:remoteref) refs/heads/cc-progress refs/remotes/cc-progress [2ms]
2024-11-27 12:53:33.431 [info] > git for-each-ref --sort -committerdate --format %(refname) %(objectname) %(*objectname) [6ms]
2024-11-27 12:53:33.455 [info] > git status -z -uall [36ms]
2024-11-27 12:53:42.335 [info] > git config --get commit.template [5ms]
2024-11-27 12:53:42.336 [info] > git for-each-ref --format=%(refname)%00%(upstream:short)%00%(objectname)%00%(upstream:track)%00%(upstream:remotename)%00%(upstream:remoteref) refs/heads/cc-progress refs/remotes/cc-progress [2ms]
2024-11-27 12:53:42.352 [info] > git for-each-ref --sort -committerdate --format %(refname) %(objectname) %(*objectname) [7ms]
2024-11-27 12:53:42.374 [info] > git status -z -uall [34ms]
2024-11-27 12:54:49.775 [info] > git config --get commit.template [5ms]
2024-11-27 12:54:49.776 [info] > git for-each-ref --format=%(refname)%00%(upstream:short)%00%(objectname)%00%(upstream:track)%00%(upstream:remotename)%00%(upstream:remoteref) refs/heads/cc-progress refs/remotes/cc-progress [2ms]
2024-11-27 12:54:49.789 [info] > git for-each-ref --sort -committerdate --format %(refname) %(objectname) %(*objectname) [6ms]
2024-11-27 12:54:49.814 [info] > git status -z -uall [35ms]
2024-11-27 12:55:23.448 [info] > git config --get commit.template [4ms]
2024-11-27 12:55:23.450 [info] > git for-each-ref --format=%(refname)%00%(upstream:short)%00%(objectname)%00%(upstream:track)%00%(upstream:remotename)%00%(upstream:remoteref) refs/heads/cc-progress refs/remotes/cc-progress [2ms]
2024-11-27 12:55:23.465 [info] > git for-each-ref --sort -committerdate --format %(refname) %(objectname) %(*objectname) [8ms]
2024-11-27 12:55:23.489 [info] > git status -z -uall [37ms]
2024-11-27 12:55:33.833 [info] > git config --get commit.template [6ms]
2024-11-27 12:55:33.834 [info] > git for-each-ref --format=%(refname)%00%(upstream:short)%00%(objectname)%00%(upstream:track)%00%(upstream:remotename)%00%(upstream:remoteref) refs/heads/cc-progress refs/remotes/cc-progress [2ms]
2024-11-27 12:55:33.854 [info] > git for-each-ref --sort -committerdate --format %(refname) %(objectname) %(*objectname) [6ms]
2024-11-27 12:55:33.875 [info] > git status -z -uall [38ms]
2024-11-27 12:55:38.889 [info] > git config --get commit.template [4ms]
2024-11-27 12:55:38.890 [info] > git for-each-ref --format=%(refname)%00%(upstream:short)%00%(objectname)%00%(upstream:track)%00%(upstream:remotename)%00%(upstream:remoteref) refs/heads/cc-progress refs/remotes/cc-progress [1ms]
2024-11-27 12:55:38.907 [info] > git for-each-ref --sort -committerdate --format %(refname) %(objectname) %(*objectname) [9ms]
2024-11-27 12:55:38.927 [info] > git status -z -uall [34ms]
2024-11-27 12:56:36.962 [info] > git config --get commit.template [5ms]
2024-11-27 12:56:36.963 [info] > git for-each-ref --format=%(refname)%00%(upstream:short)%00%(objectname)%00%(upstream:track)%00%(upstream:remotename)%00%(upstream:remoteref) refs/heads/cc-progress refs/remotes/cc-progress [2ms]
2024-11-27 12:56:36.980 [info] > git for-each-ref --sort -committerdate --format %(refname) %(objectname) %(*objectname) [4ms]
2024-11-27 12:56:37.000 [info] > git status -z -uall [34ms]
2024-11-27 12:56:42.014 [info] > git config --get commit.template [7ms]
2024-11-27 12:56:42.015 [info] > git for-each-ref --format=%(refname)%00%(upstream:short)%00%(objectname)%00%(upstream:track)%00%(upstream:remotename)%00%(upstream:remoteref) refs/heads/cc-progress refs/remotes/cc-progress [4ms]
2024-11-27 12:56:42.029 [info] > git for-each-ref --sort -committerdate --format %(refname) %(objectname) %(*objectname) [6ms]
2024-11-27 12:56:42.051 [info] > git status -z -uall [33ms]
2024-11-27 12:56:47.061 [info] > git config --get commit.template [3ms]
2024-11-27 12:56:47.066 [info] > git for-each-ref --format=%(refname)%00%(upstream:short)%00%(objectname)%00%(upstream:track)%00%(upstream:remotename)%00%(upstream:remoteref) refs/heads/cc-progress refs/remotes/cc-progress [2ms]
2024-11-27 12:56:47.079 [info] > git for-each-ref --sort -committerdate --format %(refname) %(objectname) %(*objectname) [5ms]
2024-11-27 12:56:47.103 [info] > git status -z -uall [34ms]
2024-11-27 12:56:52.114 [info] > git config --get commit.template [5ms]
2024-11-27 12:56:52.115 [info] > git for-each-ref --format=%(refname)%00%(upstream:short)%00%(objectname)%00%(upstream:track)%00%(upstream:remotename)%00%(upstream:remoteref) refs/heads/cc-progress refs/remotes/cc-progress [2ms]
2024-11-27 12:56:52.130 [info] > git for-each-ref --sort -committerdate --format %(refname) %(objectname) %(*objectname) [7ms]
2024-11-27 12:56:52.153 [info] > git status -z -uall [34ms]
2024-11-27 12:56:53.001 [info] > git show --textconv :hapi/coba.js [9ms]
2024-11-27 12:56:53.002 [info] > git ls-files --stage -- /home/retinamata/hapi/coba.js [5ms]
2024-11-27 12:56:53.161 [info] > git check-ignore -v -z --stdin [2ms]
2024-11-27 12:56:57.170 [info] > git config --get commit.template [4ms]
2024-11-27 12:56:57.171 [info] > git for-each-ref --format=%(refname)%00%(upstream:short)%00%(objectname)%00%(upstream:track)%00%(upstream:remotename)%00%(upstream:remoteref) refs/heads/cc-progress refs/remotes/cc-progress [2ms]
2024-11-27 12:56:57.184 [info] > git for-each-ref --sort -committerdate --format %(refname) %(objectname) %(*objectname) [6ms]
2024-11-27 12:56:57.207 [info] > git status -z -uall [33ms]
2024-11-27 12:57:09.003 [info] > git config --get commit.template [6ms]
2024-11-27 12:57:09.004 [info] > git for-each-ref --format=%(refname)%00%(upstream:short)%00%(objectname)%00%(upstream:track)%00%(upstream:remotename)%00%(upstream:remoteref) refs/heads/cc-progress refs/remotes/cc-progress [2ms]
2024-11-27 12:57:09.018 [info] > git for-each-ref --sort -committerdate --format %(refname) %(objectname) %(*objectname) [6ms]
2024-11-27 12:57:09.041 [info] > git status -z -uall [33ms]
2024-11-27 12:57:14.051 [info] > git config --get commit.template [4ms]
2024-11-27 12:57:14.053 [info] > git for-each-ref --format=%(refname)%00%(upstream:short)%00%(objectname)%00%(upstream:track)%00%(upstream:remotename)%00%(upstream:remoteref) refs/heads/cc-progress refs/remotes/cc-progress [1ms]
2024-11-27 12:57:14.064 [info] > git for-each-ref --sort -committerdate --format %(refname) %(objectname) %(*objectname) [4ms]
2024-11-27 12:57:14.089 [info] > git status -z -uall [33ms]
2024-11-27 12:58:00.510 [info] > git config --get commit.template [5ms]
2024-11-27 12:58:00.511 [info] > git for-each-ref --format=%(refname)%00%(upstream:short)%00%(objectname)%00%(upstream:track)%00%(upstream:remotename)%00%(upstream:remoteref) refs/heads/cc-progress refs/remotes/cc-progress [2ms]
2024-11-27 12:58:00.530 [info] > git for-each-ref --sort -committerdate --format %(refname) %(objectname) %(*objectname) [5ms]
2024-11-27 12:58:00.549 [info] > git status -z -uall [31ms]
2024-11-27 12:58:05.561 [info] > git config --get commit.template [5ms]
2024-11-27 12:58:05.562 [info] > git for-each-ref --format=%(refname)%00%(upstream:short)%00%(objectname)%00%(upstream:track)%00%(upstream:remotename)%00%(upstream:remoteref) refs/heads/cc-progress refs/remotes/cc-progress [2ms]
2024-11-27 12:58:05.574 [info] > git for-each-ref --sort -committerdate --format %(refname) %(objectname) %(*objectname) [5ms]
2024-11-27 12:58:05.598 [info] > git status -z -uall [32ms]
2024-11-27 12:58:36.553 [info] > git config --get commit.template [5ms]
2024-11-27 12:58:36.554 [info] > git for-each-ref --format=%(refname)%00%(upstream:short)%00%(objectname)%00%(upstream:track)%00%(upstream:remotename)%00%(upstream:remoteref) refs/heads/cc-progress refs/remotes/cc-progress [2ms]
2024-11-27 12:58:36.568 [info] > git for-each-ref --sort -committerdate --format %(refname) %(objectname) %(*objectname) [6ms]
2024-11-27 12:58:36.590 [info] > git status -z -uall [33ms]
2024-11-27 12:59:55.505 [info] > git config --get commit.template [4ms]
2024-11-27 12:59:55.506 [info] > git for-each-ref --format=%(refname)%00%(upstream:short)%00%(objectname)%00%(upstream:track)%00%(upstream:remotename)%00%(upstream:remoteref) refs/heads/cc-progress refs/remotes/cc-progress [2ms]
2024-11-27 12:59:55.520 [info] > git for-each-ref --sort -committerdate --format %(refname) %(objectname) %(*objectname) [6ms]
2024-11-27 12:59:55.543 [info] > git status -z -uall [34ms]
2024-11-27 12:59:57.262 [info] > git show --textconv :hapi/index.js [5ms]
2024-11-27 12:59:57.264 [info] > git ls-files --stage -- /home/retinamata/hapi/index.js [3ms]
2024-11-27 12:59:57.269 [info] > git cat-file -s 108fc9b137ca60e7e087e53016dc5b345d66e9f8 [2ms]
2024-11-27 13:00:00.554 [info] > git config --get commit.template [4ms]
2024-11-27 13:00:00.556 [info] > git for-each-ref --format=%(refname)%00%(upstream:short)%00%(objectname)%00%(upstream:track)%00%(upstream:remotename)%00%(upstream:remoteref) refs/heads/cc-progress refs/remotes/cc-progress [1ms]
2024-11-27 13:00:00.569 [info] > git for-each-ref --sort -committerdate --format %(refname) %(objectname) %(*objectname) [6ms]
2024-11-27 13:00:00.592 [info] > git status -z -uall [34ms]
2024-11-27 13:00:16.114 [info] > git config --get commit.template [4ms]
2024-11-27 13:00:16.115 [info] > git for-each-ref --format=%(refname)%00%(upstream:short)%00%(objectname)%00%(upstream:track)%00%(upstream:remotename)%00%(upstream:remoteref) refs/heads/cc-progress refs/remotes/cc-progress [2ms]
2024-11-27 13:00:16.128 [info] > git for-each-ref --sort -committerdate --format %(refname) %(objectname) %(*objectname) [6ms]
2024-11-27 13:00:16.150 [info] > git status -z -uall [32ms]
2024-11-27 13:00:21.161 [info] > git config --get commit.template [4ms]
2024-11-27 13:00:21.163 [info] > git for-each-ref --format=%(refname)%00%(upstream:short)%00%(objectname)%00%(upstream:track)%00%(upstream:remotename)%00%(upstream:remoteref) refs/heads/cc-progress refs/remotes/cc-progress [2ms]
2024-11-27 13:00:21.178 [info] > git for-each-ref --sort -committerdate --format %(refname) %(objectname) %(*objectname) [7ms]
2024-11-27 13:00:21.200 [info] > git status -z -uall [33ms]
2024-11-27 13:00:27.100 [info] > git config --get commit.template [4ms]
2024-11-27 13:00:27.101 [info] > git for-each-ref --format=%(refname)%00%(upstream:short)%00%(objectname)%00%(upstream:track)%00%(upstream:remotename)%00%(upstream:remoteref) refs/heads/cc-progress refs/remotes/cc-progress [2ms]
2024-11-27 13:00:27.114 [info] > git for-each-ref --sort -committerdate --format %(refname) %(objectname) %(*objectname) [6ms]
2024-11-27 13:00:27.137 [info] > git status -z -uall [33ms]
2024-11-27 13:00:32.150 [info] > git config --get commit.template [5ms]
2024-11-27 13:00:32.151 [info] > git for-each-ref --format=%(refname)%00%(upstream:short)%00%(objectname)%00%(upstream:track)%00%(upstream:remotename)%00%(upstream:remoteref) refs/heads/cc-progress refs/remotes/cc-progress [2ms]
2024-11-27 13:00:32.165 [info] > git for-each-ref --sort -committerdate --format %(refname) %(objectname) %(*objectname) [6ms]
2024-11-27 13:00:32.187 [info] > git status -z -uall [33ms]
2024-11-27 13:00:37.198 [info] > git config --get commit.template [5ms]
2024-11-27 13:00:37.199 [info] > git for-each-ref --format=%(refname)%00%(upstream:short)%00%(objectname)%00%(upstream:track)%00%(upstream:remotename)%00%(upstream:remoteref) refs/heads/cc-progress refs/remotes/cc-progress [2ms]
2024-11-27 13:00:37.214 [info] > git for-each-ref --sort -committerdate --format %(refname) %(objectname) %(*objectname) [8ms]
2024-11-27 13:00:37.246 [info] > git status -z -uall [44ms]
2024-11-27 13:00:51.117 [info] > git config --get commit.template [7ms]
2024-11-27 13:00:51.118 [info] > git for-each-ref --format=%(refname)%00%(upstream:short)%00%(objectname)%00%(upstream:track)%00%(upstream:remotename)%00%(upstream:remoteref) refs/heads/cc-progress refs/remotes/cc-progress [2ms]
2024-11-27 13:00:51.132 [info] > git for-each-ref --sort -committerdate --format %(refname) %(objectname) %(*objectname) [6ms]
2024-11-27 13:00:51.155 [info] > git status -z -uall [34ms]
2024-11-27 13:04:35.534 [info] > git config --get commit.template [2ms]
2024-11-27 13:04:35.539 [info] > git for-each-ref --format=%(refname)%00%(upstream:short)%00%(objectname)%00%(upstream:track)%00%(upstream:remotename)%00%(upstream:remoteref) refs/heads/cc-progress refs/remotes/cc-progress [2ms]
2024-11-27 13:04:35.552 [info] > git for-each-ref --sort -committerdate --format %(refname) %(objectname) %(*objectname) [6ms]
2024-11-27 13:04:35.575 [info] > git status -z -uall [33ms]
2024-11-27 13:04:40.588 [info] > git config --get commit.template [6ms]
2024-11-27 13:04:40.589 [info] > git for-each-ref --format=%(refname)%00%(upstream:short)%00%(objectname)%00%(upstream:track)%00%(upstream:remotename)%00%(upstream:remoteref) refs/heads/cc-progress refs/remotes/cc-progress [3ms]
2024-11-27 13:04:40.607 [info] > git for-each-ref --sort -committerdate --format %(refname) %(objectname) %(*objectname) [11ms]
2024-11-27 13:04:40.629 [info] > git status -z -uall [37ms]
2024-11-27 13:04:45.641 [info] > git config --get commit.template [5ms]
2024-11-27 13:04:45.643 [info] > git for-each-ref --format=%(refname)%00%(upstream:short)%00%(objectname)%00%(upstream:track)%00%(upstream:remotename)%00%(upstream:remoteref) refs/heads/cc-progress refs/remotes/cc-progress [3ms]
2024-11-27 13:04:45.657 [info] > git for-each-ref --sort -committerdate --format %(refname) %(objectname) %(*objectname) [6ms]
2024-11-27 13:04:45.680 [info] > git status -z -uall [34ms]
2024-11-27 13:05:41.181 [info] > git config --get commit.template [4ms]
2024-11-27 13:05:41.182 [info] > git for-each-ref --format=%(refname)%00%(upstream:short)%00%(objectname)%00%(upstream:track)%00%(upstream:remotename)%00%(upstream:remoteref) refs/heads/cc-progress refs/remotes/cc-progress [2ms]
2024-11-27 13:05:41.195 [info] > git for-each-ref --sort -committerdate --format %(refname) %(objectname) %(*objectname) [5ms]
2024-11-27 13:05:41.218 [info] > git status -z -uall [33ms]
2024-11-27 13:05:46.523 [info] > git config --get commit.template [4ms]
2024-11-27 13:05:46.524 [info] > git for-each-ref --format=%(refname)%00%(upstream:short)%00%(objectname)%00%(upstream:track)%00%(upstream:remotename)%00%(upstream:remoteref) refs/heads/cc-progress refs/remotes/cc-progress [2ms]
2024-11-27 13:05:46.538 [info] > git for-each-ref --sort -committerdate --format %(refname) %(objectname) %(*objectname) [6ms]
2024-11-27 13:05:46.560 [info] > git status -z -uall [33ms]
2024-11-27 13:06:16.741 [info] > git config --get commit.template [4ms]
2024-11-27 13:06:16.742 [info] > git for-each-ref --format=%(refname)%00%(upstream:short)%00%(objectname)%00%(upstream:track)%00%(upstream:remotename)%00%(upstream:remoteref) refs/heads/cc-progress refs/remotes/cc-progress [2ms]
2024-11-27 13:06:16.756 [info] > git for-each-ref --sort -committerdate --format %(refname) %(objectname) %(*objectname) [6ms]
2024-11-27 13:06:16.779 [info] > git status -z -uall [34ms]
2024-11-27 13:06:32.135 [info] > git config --get commit.template [5ms]
2024-11-27 13:06:32.136 [info] > git for-each-ref --format=%(refname)%00%(upstream:short)%00%(objectname)%00%(upstream:track)%00%(upstream:remotename)%00%(upstream:remoteref) refs/heads/cc-progress refs/remotes/cc-progress [2ms]
2024-11-27 13:06:32.152 [info] > git for-each-ref --sort -committerdate --format %(refname) %(objectname) %(*objectname) [10ms]
2024-11-27 13:06:32.176 [info] > git status -z -uall [38ms]
2024-11-27 13:06:46.089 [info] > git config --get commit.template [4ms]
2024-11-27 13:06:46.090 [info] > git for-each-ref --format=%(refname)%00%(upstream:short)%00%(objectname)%00%(upstream:track)%00%(upstream:remotename)%00%(upstream:remoteref) refs/heads/cc-progress refs/remotes/cc-progress [2ms]
2024-11-27 13:06:46.102 [info] > git for-each-ref --sort -committerdate --format %(refname) %(objectname) %(*objectname) [6ms]
2024-11-27 13:06:46.126 [info] > git status -z -uall [33ms]
2024-11-27 13:07:13.951 [info] > git config --get commit.template [4ms]
2024-11-27 13:07:13.952 [info] > git for-each-ref --format=%(refname)%00%(upstream:short)%00%(objectname)%00%(upstream:track)%00%(upstream:remotename)%00%(upstream:remoteref) refs/heads/cc-progress refs/remotes/cc-progress [2ms]
2024-11-27 13:07:13.965 [info] > git for-each-ref --sort -committerdate --format %(refname) %(objectname) %(*objectname) [6ms]
2024-11-27 13:07:13.990 [info] > git status -z -uall [35ms]
2024-11-27 13:07:19.001 [info] > git config --get commit.template [4ms]
2024-11-27 13:07:19.003 [info] > git for-each-ref --format=%(refname)%00%(upstream:short)%00%(objectname)%00%(upstream:track)%00%(upstream:remotename)%00%(upstream:remoteref) refs/heads/cc-progress refs/remotes/cc-progress [2ms]
2024-11-27 13:07:19.013 [info] > git for-each-ref --sort -committerdate --format %(refname) %(objectname) %(*objectname) [4ms]
2024-11-27 13:07:19.039 [info] > git status -z -uall [34ms]
2024-11-27 13:08:06.225 [info] > git config --get commit.template [5ms]
2024-11-27 13:08:06.226 [info] > git for-each-ref --format=%(refname)%00%(upstream:short)%00%(objectname)%00%(upstream:track)%00%(upstream:remotename)%00%(upstream:remoteref) refs/heads/cc-progress refs/remotes/cc-progress [2ms]
2024-11-27 13:08:06.240 [info] > git for-each-ref --sort -committerdate --format %(refname) %(objectname) %(*objectname) [1ms]
2024-11-27 13:08:06.263 [info] > git status -z -uall [34ms]
2024-11-27 13:08:11.274 [info] > git config --get commit.template [4ms]
2024-11-27 13:08:11.275 [info] > git for-each-ref --format=%(refname)%00%(upstream:short)%00%(objectname)%00%(upstream:track)%00%(upstream:remotename)%00%(upstream:remoteref) refs/heads/cc-progress refs/remotes/cc-progress [2ms]
2024-11-27 13:08:11.288 [info] > git for-each-ref --sort -committerdate --format %(refname) %(objectname) %(*objectname) [6ms]
2024-11-27 13:08:11.311 [info] > git status -z -uall [33ms]
2024-11-27 13:08:18.252 [info] > git config --get commit.template [4ms]
2024-11-27 13:08:18.253 [info] > git for-each-ref --format=%(refname)%00%(upstream:short)%00%(objectname)%00%(upstream:track)%00%(upstream:remotename)%00%(upstream:remoteref) refs/heads/cc-progress refs/remotes/cc-progress [2ms]
2024-11-27 13:08:18.266 [info] > git for-each-ref --sort -committerdate --format %(refname) %(objectname) %(*objectname) [6ms]
2024-11-27 13:08:18.290 [info] > git status -z -uall [34ms]
2024-11-27 13:08:23.302 [info] > git config --get commit.template [5ms]
2024-11-27 13:08:23.304 [info] > git for-each-ref --format=%(refname)%00%(upstream:short)%00%(objectname)%00%(upstream:track)%00%(upstream:remotename)%00%(upstream:remoteref) refs/heads/cc-progress refs/remotes/cc-progress [2ms]
2024-11-27 13:08:23.323 [info] > git for-each-ref --sort -committerdate --format %(refname) %(objectname) %(*objectname) [4ms]
2024-11-27 13:08:23.346 [info] > git status -z -uall [39ms]
2024-11-27 13:08:28.357 [info] > git config --get commit.template [4ms]
2024-11-27 13:08:28.358 [info] > git for-each-ref --format=%(refname)%00%(upstream:short)%00%(objectname)%00%(upstream:track)%00%(upstream:remotename)%00%(upstream:remoteref) refs/heads/cc-progress refs/remotes/cc-progress [2ms]
2024-11-27 13:08:28.371 [info] > git for-each-ref --sort -committerdate --format %(refname) %(objectname) %(*objectname) [5ms]
2024-11-27 13:08:28.395 [info] > git status -z -uall [34ms]
2024-11-27 13:08:33.999 [info] > git config --get commit.template [4ms]
2024-11-27 13:08:34.000 [info] > git for-each-ref --format=%(refname)%00%(upstream:short)%00%(objectname)%00%(upstream:track)%00%(upstream:remotename)%00%(upstream:remoteref) refs/heads/cc-progress refs/remotes/cc-progress [2ms]
2024-11-27 13:08:34.014 [info] > git for-each-ref --sort -committerdate --format %(refname) %(objectname) %(*objectname) [6ms]
2024-11-27 13:08:34.036 [info] > git status -z -uall [33ms]
2024-11-27 13:09:30.726 [info] > git config --get commit.template [5ms]
2024-11-27 13:09:30.727 [info] > git for-each-ref --format=%(refname)%00%(upstream:short)%00%(objectname)%00%(upstream:track)%00%(upstream:remotename)%00%(upstream:remoteref) refs/heads/cc-progress refs/remotes/cc-progress [2ms]
2024-11-27 13:09:30.740 [info] > git for-each-ref --sort -committerdate --format %(refname) %(objectname) %(*objectname) [6ms]
2024-11-27 13:09:30.764 [info] > git status -z -uall [34ms]
2024-11-27 13:09:34.712 [info] > git show --textconv :hapi/coba.js [5ms]
2024-11-27 13:09:34.714 [info] > git ls-files --stage -- /home/retinamata/hapi/coba.js [3ms]
2024-11-27 13:09:35.777 [info] > git config --get commit.template [3ms]
2024-11-27 13:09:35.782 [info] > git for-each-ref --format=%(refname)%00%(upstream:short)%00%(objectname)%00%(upstream:track)%00%(upstream:remotename)%00%(upstream:remoteref) refs/heads/cc-progress refs/remotes/cc-progress [2ms]
2024-11-27 13:09:35.795 [info] > git for-each-ref --sort -committerdate --format %(refname) %(objectname) %(*objectname) [6ms]
2024-11-27 13:09:35.818 [info] > git status -z -uall [33ms]
2024-11-27 13:09:40.830 [info] > git config --get commit.template [5ms]
2024-11-27 13:09:40.831 [info] > git for-each-ref --format=%(refname)%00%(upstream:short)%00%(objectname)%00%(upstream:track)%00%(upstream:remotename)%00%(upstream:remoteref) refs/heads/cc-progress refs/remotes/cc-progress [2ms]
2024-11-27 13:09:40.848 [info] > git for-each-ref --sort -committerdate --format %(refname) %(objectname) %(*objectname) [9ms]
2024-11-27 13:09:40.869 [info] > git status -z -uall [35ms]
2024-11-27 13:09:46.371 [info] > git config --get commit.template [4ms]
2024-11-27 13:09:46.372 [info] > git for-each-ref --format=%(refname)%00%(upstream:short)%00%(objectname)%00%(upstream:track)%00%(upstream:remotename)%00%(upstream:remoteref) refs/heads/cc-progress refs/remotes/cc-progress [2ms]
2024-11-27 13:09:46.385 [info] > git for-each-ref --sort -committerdate --format %(refname) %(objectname) %(*objectname) [6ms]
2024-11-27 13:09:46.408 [info] > git status -z -uall [33ms]
2024-11-27 13:09:51.419 [info] > git config --get commit.template [5ms]
2024-11-27 13:09:51.420 [info] > git for-each-ref --format=%(refname)%00%(upstream:short)%00%(objectname)%00%(upstream:track)%00%(upstream:remotename)%00%(upstream:remoteref) refs/heads/cc-progress refs/remotes/cc-progress [2ms]
2024-11-27 13:09:51.434 [info] > git for-each-ref --sort -committerdate --format %(refname) %(objectname) %(*objectname) [7ms]
2024-11-27 13:09:51.456 [info] > git status -z -uall [33ms]
2024-11-27 13:09:56.472 [info] > git config --get commit.template [5ms]
2024-11-27 13:09:56.473 [info] > git for-each-ref --format=%(refname)%00%(upstream:short)%00%(objectname)%00%(upstream:track)%00%(upstream:remotename)%00%(upstream:remoteref) refs/heads/cc-progress refs/remotes/cc-progress [2ms]
2024-11-27 13:09:56.492 [info] > git for-each-ref --sort -committerdate --format %(refname) %(objectname) %(*objectname) [4ms]
2024-11-27 13:09:56.510 [info] > git status -z -uall [34ms]
2024-11-27 13:10:01.522 [info] > git config --get commit.template [5ms]
2024-11-27 13:10:01.523 [info] > git for-each-ref --format=%(refname)%00%(upstream:short)%00%(objectname)%00%(upstream:track)%00%(upstream:remotename)%00%(upstream:remoteref) refs/heads/cc-progress refs/remotes/cc-progress [2ms]
2024-11-27 13:10:01.536 [info] > git for-each-ref --sort -committerdate --format %(refname) %(objectname) %(*objectname) [6ms]
2024-11-27 13:10:01.559 [info] > git status -z -uall [33ms]
