2024-11-24 11:21:15.657 [info] [main] Log level: Info
2024-11-24 11:21:15.657 [info] [main] Validating found git in: "git"
2024-11-24 11:21:15.657 [info] [main] Using git "2.39.5" from "git"
2024-11-24 11:21:15.657 [info] [Model][doInitialScan] Initial repository scan started
2024-11-24 11:21:15.657 [info] > git rev-parse --show-toplevel [4ms]
2024-11-24 11:21:15.657 [info] fatal: not a git repository (or any of the parent directories): .git
2024-11-24 11:21:15.657 [info] > git rev-parse --show-toplevel [1ms]
2024-11-24 11:21:15.657 [info] fatal: not a git repository (or any of the parent directories): .git
2024-11-24 11:21:15.657 [info] > git rev-parse --show-toplevel [2ms]
2024-11-24 11:21:15.657 [info] fatal: not a git repository (or any of the parent directories): .git
2024-11-24 11:21:15.657 [info] > git rev-parse --show-toplevel [1ms]
2024-11-24 11:21:15.657 [info] fatal: not a git repository (or any of the parent directories): .git
2024-11-24 11:21:15.657 [info] [Model][doInitialScan] Initial repository scan completed - repositories (0), closed repositories (0), parent repositories (0), unsafe repositories (0)
2024-11-24 11:21:22.103 [info] > git rev-parse --show-toplevel [1ms]
2024-11-24 11:21:22.104 [info] fatal: not a git repository (or any of the parent directories): .git
2024-11-24 11:28:14.119 [info] > git rev-parse --show-toplevel [2ms]
2024-11-24 11:28:14.119 [info] fatal: not a git repository (or any of the parent directories): .git
2024-11-24 11:30:02.653 [info] > git rev-parse --show-toplevel [4ms]
2024-11-24 11:30:02.653 [info] fatal: not a git repository (or any of the parent directories): .git
2024-11-24 11:30:05.257 [info] > git rev-parse --show-toplevel [2ms]
2024-11-24 11:30:05.257 [info] fatal: not a git repository (or any of the parent directories): .git
2024-11-24 12:12:34.780 [info] > git rev-parse --show-toplevel [2ms]
2024-11-24 12:12:34.780 [info] fatal: not a git repository (or any of the parent directories): .git
2024-11-24 12:12:35.786 [info] > git rev-parse --show-toplevel [1ms]
2024-11-24 12:12:35.786 [info] fatal: not a git repository (or any of the parent directories): .git
2024-11-24 12:54:14.042 [info] > git rev-parse --show-toplevel [2ms]
2024-11-24 12:54:14.042 [info] fatal: not a git repository (or any of the parent directories): .git
